2022-10-15 19:10:19,043 Starting new HTTPS connection (1): mrix5pcapi.partners.mrisoftware.com:443
2022-10-15 19:10:21,308 https://mrix5pcapi.partners.mrisoftware.com:443 "GET /MRIAPIServices/api.asp?$api=MRI_S-PMAP_Bank&$format=json HTTP/1.1" 200 None
2022-10-15 19:10:21,308 Starting new HTTPS connection (1): mrix5pcapi.partners.mrisoftware.com:443
2022-10-15 19:10:23,163 https://mrix5pcapi.partners.mrisoftware.com:443 "GET /MRIAPIServices/api.asp?$api=MRI_S-PMRM_PropertyIDByNameOrAddress&$format=json&%24top=300 HTTP/1.1" 200 None
2022-10-15 19:10:23,171 Starting new HTTPS connection (1): mrix5pcapi.partners.mrisoftware.com:443
2022-10-15 19:10:24,994 https://mrix5pcapi.partners.mrisoftware.com:443 "GET /MRIAPIServices/api.asp?$api=MRI_S-PMRM_PropertyIDByNameOrAddress&$format=json&$top=300&$skip=301&%24top=300 HTTP/1.1" 200 None
2022-10-15 19:10:25,010 Starting new HTTPS connection (1): mrix5pcapi.partners.mrisoftware.com:443
2022-10-15 19:10:27,479 https://mrix5pcapi.partners.mrisoftware.com:443 "GET /MRIAPIServices/api.asp?$api=MRI_S-PMRM_UnitVacancyInformation&$format=json&PROPERTYID=100&%24top=300 HTTP/1.1" 200 None
2022-10-15 19:10:28,060 Starting new HTTPS connection (1): mrix5pcapi.partners.mrisoftware.com:443
2022-10-15 19:10:30,192 https://mrix5pcapi.partners.mrisoftware.com:443 "GET /MRIAPIServices/api.asp?$api=MRI_S-PMRM_UnitVacancyInformation&$format=json&PROPERTYID=100&$top=300&_next=ae31fcfcac7b4ba2bb0ee486195470dc&%24top=300 HTTP/1.1" 200 None
2022-10-15 19:10:30,756 Starting new HTTPS connection (1): mrix5pcapi.partners.mrisoftware.com:443
2022-10-15 19:10:32,903 https://mrix5pcapi.partners.mrisoftware.com:443 "GET /MRIAPIServices/api.asp?$api=MRI_S-PMRM_UnitVacancyInformation&$format=json&PROPERTYID=100&$top=300&$top=300&_next=27af6725fb59434fad1183d11fd0c18f&%24top=300 HTTP/1.1" 200 None
2022-10-15 19:10:33,740 Starting new HTTPS connection (1): mrix5pcapi.partners.mrisoftware.com:443
2022-10-15 19:10:35,880 https://mrix5pcapi.partners.mrisoftware.com:443 "GET /MRIAPIServices/api.asp?$api=MRI_S-PMRM_UnitVacancyInformation&$format=json&PROPERTYID=100&$top=300&$top=300&$top=300&_next=9d250e5c23e24aa8b89dc31b727c4042&%24top=300 HTTP/1.1" 200 None
2022-10-15 19:10:36,446 Starting new HTTPS connection (1): mrix5pcapi.partners.mrisoftware.com:443
2022-10-15 19:10:38,588 https://mrix5pcapi.partners.mrisoftware.com:443 "GET /MRIAPIServices/api.asp?$api=MRI_S-PMRM_UnitVacancyInformation&$format=json&PROPERTYID=100&$top=300&$top=300&$top=300&$top=300&_next=8b463307830b4147bba2cc53626fb903&%24top=300 HTTP/1.1" 200 None
2022-10-15 19:10:38,992 Starting new HTTPS connection (1): mrix5pcapi.partners.mrisoftware.com:443
2022-10-15 19:10:41,439 https://mrix5pcapi.partners.mrisoftware.com:443 "GET /MRIAPIServices/api.asp?$api=MRI_S-PMRM_UnitVacancyInformation&$format=json&PROPERTYID=100&$top=300&$top=300&$top=300&$top=300&$top=300&_next=9693f661a96f4f5e9918833b67190476&%24top=300 HTTP/1.1" 200 None
2022-10-15 19:10:42,002 Starting new HTTPS connection (1): mrix5pcapi.partners.mrisoftware.com:443
2022-10-15 19:10:44,104 https://mrix5pcapi.partners.mrisoftware.com:443 "GET /MRIAPIServices/api.asp?$api=MRI_S-PMRM_UnitVacancyInformation&$format=json&PROPERTYID=100&$top=300&$top=300&$top=300&$top=300&$top=300&$top=300&_next=3bcdb927485b413e9025726f2a3ae7f0&%24top=300 HTTP/1.1" 200 None
2022-10-15 19:10:44,400 Starting new HTTPS connection (1): mrix5pcapi.partners.mrisoftware.com:443
2022-10-15 19:10:46,603 https://mrix5pcapi.partners.mrisoftware.com:443 "GET /MRIAPIServices/api.asp?$api=MRI_S-PMRM_UnitVacancyInformation&$format=json&PROPERTYID=100&$top=300&$top=300&$top=300&$top=300&$top=300&$top=300&$top=300&_next=b66d32e6e74a426999a0291dae862a9a&%24top=300 HTTP/1.1" 200 None
2022-10-15 19:10:47,163 Starting new HTTPS connection (1): mrix5pcapi.partners.mrisoftware.com:443
2022-10-15 19:10:49,246 https://mrix5pcapi.partners.mrisoftware.com:443 "GET /MRIAPIServices/api.asp?$api=MRI_S-PMRM_UnitVacancyInformation&$format=json&PROPERTYID=100&$top=300&$top=300&$top=300&$top=300&$top=300&$top=300&$top=300&$top=300&_next=c4d12926c54f4195950f61bbffb38c8e&%24top=300 HTTP/1.1" 200 None
2022-10-15 19:10:49,638 Starting new HTTPS connection (1): mrix5pcapi.partners.mrisoftware.com:443
2022-10-15 19:10:52,068 https://mrix5pcapi.partners.mrisoftware.com:443 "GET /MRIAPIServices/api.asp?$api=MRI_S-PMRM_UnitVacancyInformation&$format=json&PROPERTYID=100&$top=300&$top=300&$top=300&$top=300&$top=300&$top=300&$top=300&$top=300&$top=300&_next=0e338d4b93a24566825cf6dddf7a03a8&%24top=300 HTTP/1.1" 200 None
2022-10-15 19:10:52,632 Starting new HTTPS connection (1): mrix5pcapi.partners.mrisoftware.com:443
2022-10-15 19:10:54,795 https://mrix5pcapi.partners.mrisoftware.com:443 "GET /MRIAPIServices/api.asp?$api=MRI_S-PMRM_UnitVacancyInformation&$format=json&PROPERTYID=100&$top=300&$top=300&$top=300&$top=300&$top=300&$top=300&$top=300&$top=300&$top=300&$top=300&_next=75c63b61d4294a65875d2c0cdc044505&%24top=300 HTTP/1.1" 200 None
2022-10-15 19:10:55,622 Starting new HTTPS connection (1): mrix5pcapi.partners.mrisoftware.com:443
2022-10-15 19:10:57,766 https://mrix5pcapi.partners.mrisoftware.com:443 "GET /MRIAPIServices/api.asp?$api=MRI_S-PMRM_UnitVacancyInformation&$format=json&PROPERTYID=100&$top=300&$top=300&$top=300&$top=300&$top=300&$top=300&$top=300&$top=300&$top=300&$top=300&$top=300&_next=16d0d3c5e1ec4433bb40727f791768b7&%24top=300 HTTP/1.1" 200 None
2022-10-15 19:10:59,643 Starting new HTTPS connection (1): mrix5pcapi.partners.mrisoftware.com:443
2022-10-15 19:11:02,185 https://mrix5pcapi.partners.mrisoftware.com:443 "GET /MRIAPIServices/api.asp?$api=MRI_S-PMRM_UnitVacancyInformation&$format=json&PROPERTYID=100&$top=300&$top=300&$top=300&$top=300&$top=300&$top=300&$top=300&$top=300&$top=300&$top=300&$top=300&$top=300&_next=e275f3dbbaa848f781a2d8ba3fc4b981&%24top=300 HTTP/1.1" 200 None
2022-10-15 19:11:02,749 Starting new HTTPS connection (1): mrix5pcapi.partners.mrisoftware.com:443
2022-10-15 19:11:04,910 https://mrix5pcapi.partners.mrisoftware.com:443 "GET /MRIAPIServices/api.asp?$api=MRI_S-PMRM_UnitVacancyInformation&$format=json&PROPERTYID=100&$top=300&$top=300&$top=300&$top=300&$top=300&$top=300&$top=300&$top=300&$top=300&$top=300&$top=300&$top=300&$top=300&_next=55f3e593d894426593628035cfc02af5&%24top=300 HTTP/1.1" 200 None
2022-10-15 19:11:05,774 Starting new HTTPS connection (1): mrix5pcapi.partners.mrisoftware.com:443
2022-10-15 19:11:08,187 https://mrix5pcapi.partners.mrisoftware.com:443 "GET /MRIAPIServices/api.asp?$api=MRI_S-PMRM_UnitVacancyInformation&$format=json&PROPERTYID=100&$top=300&$top=300&$top=300&$top=300&$top=300&$top=300&$top=300&$top=300&$top=300&$top=300&$top=300&$top=300&$top=300&$top=300&_next=0c1f59e0893544c8af87e1e7c95328e1&%24top=300 HTTP/1.1" 200 None
2022-10-15 19:11:08,489 Starting new HTTPS connection (1): mrix5pcapi.partners.mrisoftware.com:443
2022-10-15 19:11:10,586 https://mrix5pcapi.partners.mrisoftware.com:443 "GET /MRIAPIServices/api.asp?$api=MRI_S-PMRM_UnitVacancyInformation&$format=json&PROPERTYID=100&$top=300&$top=300&$top=300&$top=300&$top=300&$top=300&$top=300&$top=300&$top=300&$top=300&$top=300&$top=300&$top=300&$top=300&$top=300&_next=04ba2c682d9142619a54af7893e08769&%24top=300 HTTP/1.1" 200 None
2022-10-15 19:11:11,738 Starting new HTTPS connection (1): mrix5pcapi.partners.mrisoftware.com:443
2022-10-15 19:11:13,867 https://mrix5pcapi.partners.mrisoftware.com:443 "GET /MRIAPIServices/api.asp?$api=MRI_S-PMRM_UnitVacancyInformation&$format=json&PROPERTYID=200&%24top=300 HTTP/1.1" 200 None
2022-10-15 19:11:14,435 Starting new HTTPS connection (1): mrix5pcapi.partners.mrisoftware.com:443
2022-10-15 19:11:16,559 https://mrix5pcapi.partners.mrisoftware.com:443 "GET /MRIAPIServices/api.asp?$api=MRI_S-PMRM_UnitVacancyInformation&$format=json&PROPERTYID=200&$top=300&_next=5dcefafaa4e84fa7b058b8c6885a2073&%24top=300 HTTP/1.1" 200 None
2022-10-15 19:11:17,400 Starting new HTTPS connection (1): mrix5pcapi.partners.mrisoftware.com:443
2022-10-15 19:11:19,561 https://mrix5pcapi.partners.mrisoftware.com:443 "GET /MRIAPIServices/api.asp?$api=MRI_S-PMRM_UnitVacancyInformation&$format=json&PROPERTYID=200&$top=300&$top=300&_next=19a61213550c434fa57166311b6c2a94&%24top=300 HTTP/1.1" 200 None
2022-10-15 19:11:19,946 Starting new HTTPS connection (1): mrix5pcapi.partners.mrisoftware.com:443
